2022.05.23 17:42:34 INFO  tracing is disabled for protocol LSP, to enable tracing of incoming and outgoing JSON messages create an empty file at /home/tm/myarch_c/.metals/lsp.trace.json or /home/tm/.cache/metals/lsp.trace.json[0m
2022.05.23 17:42:34 INFO  logging to file /home/tm/myarch_c/.metals/metals.log[0m
2022.05.23 17:42:34 INFO  Started: Metals version 0.11.5 in workspace '/home/tm/myarch_c' for client Visual Studio Code 1.66.2.[0m
2022.05.23 17:42:34 WARN  Can't instantiate JavaInteractiveSemanticdb (version: None, jdkHome: /usr/lib64/jvm/java, javac exists: true)[0m
2022.05.23 17:42:35 INFO  time: initialize in 0.81s[0m
2022.05.23 17:42:35 WARN  Flyway upgrade recommended: H2 2.1.212 is newer than this version of Flyway and support has not been tested. The latest supported version of H2 is 2.1.210.[0m
2022.05.23 17:42:35 WARN  Build server is not auto-connectable.[0m
2022.05.23 17:42:35 WARN  no build tool detected in workspace '/home/tm/myarch_c'. The most common cause for this problem is that the editor was opened in the wrong working directory, for example if you use sbt then the workspace directory should contain build.sbt. [0m
2022.05.23 17:42:36 WARN  no build target for: /home/tm/Projects/MyArch/MyArch/DynArch/src/es/tmoor/dynarch/Types.scala[0m
2022.05.23 17:42:38 INFO  no build target found for /home/tm/Projects/MyArch/MyArch/DynArch/src/es/tmoor/dynarch/Types.scala. Using presentation compiler with project's scala-library version: 3.1.2[0m
2022.05.23 17:42:39 INFO  time: code lens generation in 2.55s[0m
2022.05.23 17:45:02 WARN  no build target for: /home/tm/Projects/MyArch/MyArch/build.sc[0m
java.lang.NullPointerException
	at scala.meta.internal.metals.ammonite.Ammonite.$anonfun$maybeImport$3(Ammonite.scala:240)
	at scala.meta.internal.metals.ammonite.Ammonite.$anonfun$maybeImport$3$adapted(Ammonite.scala:237)
	at scala.concurrent.impl.Promise$Transformation.run(Promise.scala:484)
	at java.base/java.util.concurrent.ThreadPoolExecutor.runWorker(ThreadPoolExecutor.java:1128)
	at java.base/java.util.concurrent.ThreadPoolExecutor$Worker.run(ThreadPoolExecutor.java:628)
	at java.base/java.lang.Thread.run(Thread.java:829)
2022.05.23 17:57:55 WARN  no build target for: /home/tm/Projects/MyArch/MyArch/DynArch/src/es/tmoor/dynarch/Parser.scala[0m
2022.05.23 18:03:33 WARN  no build target for: /home/tm/Projects/MyArch/MyArch/DynArch/src/es/tmoor/dynarch/Parser.scala[0m
May 23, 2022 8:33:35 PM org.eclipse.lsp4j.jsonrpc.services.GenericEndpoint notify
INFO: Unsupported notification method: $/setTrace
May 23, 2022 8:33:36 PM org.eclipse.lsp4j.jsonrpc.services.GenericEndpoint notify
INFO: Unsupported notification method: $/setTrace
2022.05.23 21:59:42 INFO  shutting down Metals[0m
